# JRE version: OpenJDK Runtime Environment (25.0.2) (build 25.0.2+-15348964-b329.117)
# Java VM: OpenJDK 64-Bit Server VM (25.0.2+-15348964-b329.117, mixed mode, tiered, compressed oops, compressed class ptrs, g1 gc, windows-amd64)
GC Precious Log:
 CardTable entry size: 512
 Card Set container configuration: InlinePtr #cards 5 size 8 Array Of Cards #cards 10 size 36 Howl #buckets 4 coarsen threshold 1843 Howl Bitmap #cards 512 size 80 coarsen threshold 460 Card regions per heap region 1 cards per card region 2048
 CPUs: 8 total, 8 available
 Memory: 7831M
 Large Page Support: Disabled
 NUMA Support: Disabled
 Compressed Oops: Enabled (32-bit)
 Heap Region Size: 1M
 Heap Min Capacity: 8M
 Heap Initial Capacity: 124M
 Heap Max Capacity: 2G
 Pre-touch: Disabled
 Parallel Workers: 8
 Concurrent Workers: 2
 Concurrent Refinement Workers: 8
 Periodic GC: Disabled
Heap:
 garbage-first heap   total reserved 2097152K, committed 117760K, used 91191K [0x0000000080000000, 0x0000000100000000)
  region size 1024K, 27 young (27648K), 5 survivors (5120K)
GC Heap Usage History (20 events):
Event: 10.608 {heap Before GC invocations=10 (full 0):
 garbage-first heap   total reserved 2097152K, committed 88064K, used 75383K [0x0000000080000000, 0x0000000100000000)
  region size 1024K, 27 young (27648K), 4 survivors (4096K)
}
Event: 10.611 {heap After GC invocations=11 (full 0):
 garbage-first heap   total reserved 2097152K, committed 88064K, used 54303K [0x0000000080000000, 0x0000000100000000)
  region size 1024K, 2 young (2048K), 2 survivors (2048K)
}
Event: 11.920 {heap Before GC invocations=12 (full 0):
 garbage-first heap   total reserved 2097152K, committed 92160K, used 77855K [0x0000000080000000, 0x0000000100000000)
  region size 1024K, 25 young (25600K), 2 survivors (2048K)
}
Event: 11.923 {heap After GC invocations=13 (full 0):
 garbage-first heap   total reserved 2097152K, committed 92160K, used 55639K [0x0000000080000000, 0x0000000100000000)
  region size 1024K, 3 young (3072K), 3 survivors (3072K)
}
Event: 12.563 {heap Before GC invocations=13 (full 0):
 garbage-first heap   total reserved 2097152K, committed 92160K, used 81239K [0x0000000080000000, 0x0000000100000000)
  region size 1024K, 29 young (29696K), 3 survivors (3072K)
}
Event: 12.568 {heap After GC invocations=14 (full 0):
 garbage-first heap   total reserved 2097152K, committed 92160K, used 58007K [0x0000000080000000, 0x0000000100000000)
  region size 1024K, 4 young (4096K), 4 survivors (4096K)
}
Event: 13.279 {heap Before GC invocations=14 (full 0):
 garbage-first heap   total reserved 2097152K, committed 92160K, used 81559K [0x0000000080000000, 0x0000000100000000)
  region size 1024K, 28 young (28672K), 4 survivors (4096K)
}
Event: 13.284 {heap After GC invocations=15 (full 0):
 garbage-first heap   total reserved 2097152K, committed 92160K, used 59791K [0x0000000080000000, 0x0000000100000000)
  region size 1024K, 2 young (2048K), 2 survivors (2048K)
}
Event: 13.912 {heap Before GC invocations=16 (full 0):
 garbage-first heap   total reserved 2097152K, committed 101376K, used 82319K [0x0000000080000000, 0x0000000100000000)
  region size 1024K, 25 young (25600K), 2 survivors (2048K)
}
Event: 13.916 {heap After GC invocations=17 (full 0):
 garbage-first heap   total reserved 2097152K, committed 101376K, used 60537K [0x0000000080000000, 0x0000000100000000)
  region size 1024K, 3 young (3072K), 3 survivors (3072K)
}
Event: 14.986 {heap Before GC invocations=17 (full 0):
 garbage-first heap   total reserved 2097152K, committed 101376K, used 91257K [0x0000000080000000, 0x0000000100000000)
  region size 1024K, 34 young (34816K), 3 survivors (3072K)
}
Event: 14.993 {heap After GC invocations=18 (full 0):
 garbage-first heap   total reserved 2097152K, committed 102400K, used 65372K [0x0000000080000000, 0x0000000100000000)
  region size 1024K, 5 young (5120K), 5 survivors (5120K)
}
Event: 15.737 {heap Before GC invocations=18 (full 0):
 garbage-first heap   total reserved 2097152K, committed 102400K, used 90972K [0x0000000080000000, 0x0000000100000000)
  region size 1024K, 31 young (31744K), 5 survivors (5120K)
}
Event: 15.742 {heap After GC invocations=19 (full 0):
 garbage-first heap   total reserved 2097152K, committed 102400K, used 66677K [0x0000000080000000, 0x0000000100000000)
  region size 1024K, 2 young (2048K), 2 survivors (2048K)
}
Event: 17.103 {heap Before GC invocations=20 (full 0):
 garbage-first heap   total reserved 2097152K, committed 112640K, used 92277K [0x0000000080000000, 0x0000000100000000)
  region size 1024K, 28 young (28672K), 2 survivors (2048K)
}
Event: 17.107 {heap After GC invocations=21 (full 0):
 garbage-first heap   total reserved 2097152K, committed 112640K, used 68478K [0x0000000080000000, 0x0000000100000000)
  region size 1024K, 4 young (4096K), 4 survivors (4096K)
}
Event: 31.038 {heap Before GC invocations=21 (full 0):
 garbage-first heap   total reserved 2097152K, committed 112640K, used 101246K [0x0000000080000000, 0x0000000100000000)
  region size 1024K, 36 young (36864K), 4 survivors (4096K)
}
Event: 31.042 {heap After GC invocations=22 (full 0):
 garbage-first heap   total reserved 2097152K, committed 112640K, used 67249K [0x0000000080000000, 0x0000000100000000)
  region size 1024K, 3 young (3072K), 3 survivors (3072K)
}
Event: 31.876 {heap Before GC invocations=22 (full 0):
 garbage-first heap   total reserved 2097152K, committed 112640K, used 102065K [0x0000000080000000, 0x0000000100000000)
  region size 1024K, 37 young (37888K), 3 survivors (3072K)
}
Event: 31.881 {heap After GC invocations=23 (full 0):
 garbage-first heap   total reserved 2097152K, committed 112640K, used 69687K [0x0000000080000000, 0x0000000100000000)
  region size 1024K, 5 young (5120K), 5 survivors (5120K)
}

